<?xml version="1.0" encoding="UTF-8"?>
<!-- Generated by org.testng.reporters.JUnitReportReporter -->
<testsuite hostname="DESKTOP-99COHO2" failures="0" tests="6" name="testNG.Priority" time="0.007" errors="0" timestamp="2021-12-18T16:57:59 IST" skipped="0">
  <testcase classname="testNG.Priority" name="elementrySchool" time="0.002"/>
  <system-out/>
  <testcase classname="testNG.Priority" name="highschool" time="0.001"/>
  <system-out/>
  <testcase classname="testNG.Priority" name="playSchool" time="0.001"/>
  <system-out/>
  <testcase classname="testNG.Priority" name="practice" time="0.001"/>
  <system-out/>
  <testcase classname="testNG.Priority" name="job" time="0.001"/>
  <system-out/>
  <testcase classname="testNG.Priority" name="collage" time="0.001"/>
  <system-out/>
</testsuite> <!-- testNG.Priority -->
