<?xml version="1.0" encoding="UTF-8"?>
<!-- Generated by org.testng.reporters.JUnitReportReporter -->
<testsuite hostname="DESKTOP-99COHO2" failures="0" tests="3" name="testNG.SuitExample" time="6.876" errors="0" timestamp="2021-12-18T13:57:56 IST" skipped="0">
  <testcase classname="testNG.SuitExample" name="openBing" time="2.800"/>
  <system-out/>
  <testcase classname="testNG.SuitExample" name="openYahoo" time="1.905"/>
  <system-out/>
  <testcase classname="testNG.SuitExample" name="openGoogle" time="2.171"/>
  <system-out/>
</testsuite> <!-- testNG.SuitExample -->
