<?xml version="1.0" encoding="UTF-8"?>
<!-- Generated by org.testng.reporters.JUnitReportReporter -->
<testsuite hostname="DESKTOP-99COHO2" failures="0" tests="4" name="testNG.DependsOn" time="0.015" errors="0" timestamp="2021-12-21T15:06:34 IST" skipped="0">
  <testcase classname="testNG.DependsOn" name="successful" time="0.001"/>
  <system-out/>
  <testcase classname="testNG.DependsOn" name="openBrowser" time="0.010"/>
  <system-out/>
  <testcase classname="testNG.DependsOn" name="login" time="0.002"/>
  <system-out/>
  <testcase classname="testNG.DependsOn" name="lauchURL" time="0.002"/>
  <system-out/>
</testsuite> <!-- testNG.DependsOn -->
