<?xml version="1.0" encoding="UTF-8"?>
<!-- Generated by org.testng.reporters.JUnitReportReporter -->
<testsuite hostname="DESKTOP-99COHO2" failures="0" tests="1" name="testNG.AnnotationExeOrder" time="0.009" errors="0" timestamp="2021-12-19T09:09:58 IST" skipped="0">
  <testcase classname="testNG.AnnotationExeOrder" name="testMethod" time="0.009"/>
  <system-out/>
</testsuite> <!-- testNG.AnnotationExeOrder -->
