<?xml version="1.0" encoding="UTF-8"?>
<!-- Generated by org.testng.reporters.JUnitReportReporter -->
<testsuite hostname="DESKTOP-99COHO2" failures="0" tests="4" name="testNG.AdExcelData" time="8.709" errors="0" timestamp="2021-12-20T18:09:27 IST" skipped="0">
  <testcase classname="testNG.AdExcelData" name="loginPage" time="2.521"/>
  <system-out/>
  <testcase classname="testNG.AdExcelData" name="loginPage" time="1.721"/>
  <system-out/>
  <testcase classname="testNG.AdExcelData" name="loginPage" time="1.891"/>
  <system-out/>
  <testcase classname="testNG.AdExcelData" name="loginPage" time="2.576"/>
  <system-out/>
</testsuite> <!-- testNG.AdExcelData -->
