<?xml version="1.0" encoding="UTF-8"?>
<!-- Generated by org.testng.reporters.JUnitReportReporter -->
<testsuite hostname="DESKTOP-99COHO2" failures="0" tests="2" name="testNG.TestClass" time="0.017" errors="0" timestamp="2021-12-17T15:34:21 IST" skipped="0">
  <testcase classname="testNG.TestClass" name="name" time="0.015"/>
  <system-out/>
  <testcase classname="testNG.TestClass" name="testMethod" time="0.002"/>
  <system-out/>
</testsuite> <!-- testNG.TestClass -->
