<?xml version="1.0" encoding="UTF-8"?>
<!-- Generated by org.testng.reporters.JUnitReportReporter -->
<testsuite hostname="DESKTOP-99COHO2" failures="0" tests="4" name="testNG.SkipTestCase" time="0.004" errors="0" timestamp="2021-12-18T16:57:59 IST" skipped="1">
  <testcase classname="testNG.SkipTestCase" name="elementrySchool" time="0.001"/>
  <system-out/>
  <testcase classname="testNG.SkipTestCase" name="highSchool" time="0.001"/>
  <system-out/>
  <testcase classname="testNG.SkipTestCase" name="Collage" time="0.002"/>
  <system-out/>
  <testcase classname="testNG.SkipTestCase" name="playSchool">
    <skipped/>
  </testcase> <!-- playSchool -->
  <system-out/>
</testsuite> <!-- testNG.SkipTestCase -->
