<?xml version="1.0" encoding="UTF-8"?>
<!-- Generated by org.testng.reporters.JUnitReportReporter -->
<testsuite hostname="DESKTOP-99COHO2" failures="0" tests="2" name="testNG.GroupClass" time="0.010" errors="0" timestamp="2021-12-18T17:14:33 IST" skipped="0">
  <testcase classname="testNG.GroupClass" name="Xiomi1" time="0.009"/>
  <system-out/>
  <testcase classname="testNG.GroupClass" name="Xiomi2" time="0.001"/>
  <system-out/>
</testsuite> <!-- testNG.GroupClass -->
