<?xml version="1.0" encoding="UTF-8"?>
<!-- Generated by org.testng.reporters.JUnitReportReporter -->
<testsuite hostname="DESKTOP-99COHO2" failures="0" tests="3" name="testNG.Parameterization" time="9.938" errors="0" timestamp="2021-12-19T22:24:29 IST" skipped="0">
  <testcase classname="testNG.Parameterization" name="givenName" time="0.002"/>
  <system-out/>
  <testcase classname="testNG.Parameterization" name="givenID" time="0.022"/>
  <system-out/>
  <testcase classname="testNG.Parameterization" name="loginPage" time="9.914"/>
  <system-out/>
</testsuite> <!-- testNG.Parameterization -->
